<?xml version="1.0" encoding="UTF-8"?>
<testng-results ignored="0" total="1" passed="1" failed="0" skipped="0">
  <reporter-output>
  </reporter-output>
  <suite started-at="2019-11-29T03:53:37Z" name="TestHelloWorld" finished-at="2019-11-29T03:53:37Z" duration-ms="45">
    <groups>
    </groups>
    <test started-at="2019-11-29T03:53:37Z" name="Command line test" finished-at="2019-11-29T03:53:37Z" duration-ms="45">
      <class name="TestHelloWorld">
        <test-method signature="TestHelloWorld()[pri:0, instance:TestHelloWorld@49c386c8]" started-at="2019-11-29T03:53:37Z" name="TestHelloWorld" finished-at="2019-11-29T03:53:37Z" duration-ms="11" status="PASS">
          <reporter-output>
          </reporter-output>
        </test-method> <!-- TestHelloWorld -->
      </class> <!-- TestHelloWorld -->
    </test> <!-- Command line test -->
  </suite> <!-- TestHelloWorld -->
</testng-results>
