<?xml version="1.0" encoding="UTF-8"?>
<testng-results ignored="0" total="1" passed="1" failed="0" skipped="0">
  <reporter-output>
  </reporter-output>
  <suite started-at="2019-11-29T03:25:49Z" name="Default suite" finished-at="2019-11-29T03:25:49Z" duration-ms="54">
    <groups>
    </groups>
    <test started-at="2019-11-29T03:25:49Z" name="Default test" finished-at="2019-11-29T03:25:49Z" duration-ms="54">
      <class name="TestHelloWorld">
        <test-method signature="TestHelloWorld()[pri:0, instance:TestHelloWorld@4988d8b8]" started-at="2019-11-29T03:25:49Z" name="TestHelloWorld" finished-at="2019-11-29T03:25:49Z" duration-ms="13" status="PASS">
          <reporter-output>
          </reporter-output>
        </test-method> <!-- TestHelloWorld -->
      </class> <!-- TestHelloWorld -->
    </test> <!-- Default test -->
  </suite> <!-- Default suite -->
</testng-results>
